<?xml version="1.0" encoding="UTF-8"?>
<testng-results ignored="0" total="3" passed="3" failed="0" skipped="0">
  <reporter-output>
  </reporter-output>
  <suite started-at="2024-02-18T18:22:13 IST" name="AllTests" finished-at="2024-02-18T18:24:03 IST" duration-ms="109637">
    <groups>
    </groups>
    <test started-at="2024-02-18T18:22:13 IST" name="PositiveTests" finished-at="2024-02-18T18:22:48 IST" duration-ms="34419">
      <class name="com.herokuapp.theinternet.PositiveTests">
        <test-method signature="Login()[pri:0, instance:com.herokuapp.theinternet.PositiveTests@72d1ad2e]" started-at="2024-02-18T18:22:13 IST" name="Login" finished-at="2024-02-18T18:22:48 IST" duration-ms="34264" status="PASS">
          <reporter-output>
          </reporter-output>
        </test-method> <!-- Login -->
      </class> <!-- com.herokuapp.theinternet.PositiveTests -->
    </test> <!-- PositiveTests -->
    <test started-at="2024-02-18T18:22:48 IST" name="NegativeTests" finished-at="2024-02-18T18:24:03 IST" duration-ms="74907">
      <class name="com.herokuapp.theinternet.NegativeTests">
        <test-method signature="InvalidPassword()[pri:0, instance:com.herokuapp.theinternet.NegativeTests@443118b0]" started-at="2024-02-18T18:22:48 IST" name="InvalidPassword" finished-at="2024-02-18T18:23:03 IST" duration-ms="14668" status="PASS">
          <reporter-output>
          </reporter-output>
        </test-method> <!-- InvalidPassword -->
        <test-method signature="InvalidUsername()[pri:0, instance:com.herokuapp.theinternet.NegativeTests@443118b0]" started-at="2024-02-18T18:23:03 IST" name="InvalidUsername" finished-at="2024-02-18T18:24:03 IST" duration-ms="60231" status="PASS">
          <reporter-output>
          </reporter-output>
        </test-method> <!-- InvalidUsername -->
      </class> <!-- com.herokuapp.theinternet.NegativeTests -->
    </test> <!-- NegativeTests -->
  </suite> <!-- AllTests -->
</testng-results>
